0 info it worked if it ends with ok
1 verbose cli [ '/usr/bin/nodejs', '/usr/bin/npm', 'install', 'jade', '-g' ]
2 info using npm@1.4.21
3 info using node@v0.10.25
4 verbose cache add [ 'jade', null ]
5 verbose cache add name=undefined spec="jade" args=["jade",null]
6 verbose parsed url { protocol: null,
6 verbose parsed url   slashes: null,
6 verbose parsed url   auth: null,
6 verbose parsed url   host: null,
6 verbose parsed url   port: null,
6 verbose parsed url   hostname: null,
6 verbose parsed url   hash: null,
6 verbose parsed url   search: null,
6 verbose parsed url   query: null,
6 verbose parsed url   pathname: 'jade',
6 verbose parsed url   path: 'jade',
6 verbose parsed url   href: 'jade' }
7 silly lockFile 5bd60fae-jade jade
8 verbose lock jade /home/von/.npm/5bd60fae-jade.lock
9 silly lockFile 5bd60fae-jade jade
10 silly lockFile 5bd60fae-jade jade
11 verbose addNamed [ 'jade', '' ]
12 verbose addNamed [ null, '*' ]
13 silly lockFile 51d481b2-jade jade@
14 verbose lock jade@ /home/von/.npm/51d481b2-jade.lock
15 silly addNameRange { name: 'jade', range: '*', hasData: false }
16 verbose request where is /jade
17 verbose request registry https://registry.npmjs.org/
18 verbose request id e2e7b462238a9eac
19 verbose url raw /jade
20 verbose url resolving [ 'https://registry.npmjs.org/', './jade' ]
21 verbose url resolved https://registry.npmjs.org/jade
22 verbose request where is https://registry.npmjs.org/jade
23 info trying registry request attempt 1 at 11:42:17
24 verbose etag "6EY3Z9HFHCC40B2S77JVFBBJW"
25 http GET https://registry.npmjs.org/jade
26 http 304 https://registry.npmjs.org/jade
27 silly registry.get cb [ 304,
27 silly registry.get   { date: 'Fri, 28 Aug 2015 04:42:18 GMT',
27 silly registry.get     via: '1.1 varnish',
27 silly registry.get     'cache-control': 'max-age=60',
27 silly registry.get     etag: '"6EY3Z9HFHCC40B2S77JVFBBJW"',
27 silly registry.get     age: '30',
27 silly registry.get     connection: 'keep-alive',
27 silly registry.get     'x-served-by': 'cache-lax1432-LAX',
27 silly registry.get     'x-cache': 'HIT',
27 silly registry.get     'x-cache-hits': '1',
27 silly registry.get     'x-timer': 'S1440736938.258539,VS0,VE1',
27 silly registry.get     vary: 'Accept' } ]
28 verbose etag https://registry.npmjs.org/jade from cache
29 silly addNameRange number 2 { name: 'jade', range: '*', hasData: true }
30 silly addNameRange versions [ 'jade',
30 silly addNameRange   [ '0.0.1',
30 silly addNameRange     '0.0.2',
30 silly addNameRange     '0.1.0',
30 silly addNameRange     '0.2.0',
30 silly addNameRange     '0.2.1',
30 silly addNameRange     '0.2.2',
30 silly addNameRange     '0.2.3',
30 silly addNameRange     '0.2.4',
30 silly addNameRange     '0.3.0',
30 silly addNameRange     '0.4.0',
30 silly addNameRange     '0.4.1',
30 silly addNameRange     '0.5.0',
30 silly addNameRange     '0.5.1',
30 silly addNameRange     '0.5.2',
30 silly addNameRange     '0.5.3',
30 silly addNameRange     '0.5.4',
30 silly addNameRange     '0.5.5',
30 silly addNameRange     '0.5.6',
30 silly addNameRange     '0.5.7',
30 silly addNameRange     '0.6.0',
30 silly addNameRange     '0.6.1',
30 silly addNameRange     '0.6.3',
30 silly addNameRange     '0.7.0',
30 silly addNameRange     '0.7.1',
30 silly addNameRange     '0.8.0',
30 silly addNameRange     '0.8.1',
30 silly addNameRange     '0.8.2',
30 silly addNameRange     '0.8.3',
30 silly addNameRange     '0.8.4',
30 silly addNameRange     '0.8.5',
30 silly addNameRange     '0.8.6',
30 silly addNameRange     '0.8.7',
30 silly addNameRange     '0.8.8',
30 silly addNameRange     '0.8.9',
30 silly addNameRange     '0.9.0',
30 silly addNameRange     '0.9.1',
30 silly addNameRange     '0.9.2',
30 silly addNameRange     '0.9.3',
30 silly addNameRange     '0.10.0',
30 silly addNameRange     '0.10.1',
30 silly addNameRange     '0.10.2',
30 silly addNameRange     '0.10.3',
30 silly addNameRange     '0.10.4',
30 silly addNameRange     '0.10.5',
30 silly addNameRange     '0.10.6',
30 silly addNameRange     '0.10.7',
30 silly addNameRange     '0.11.0',
30 silly addNameRange     '0.11.1',
30 silly addNameRange     '0.12.0',
30 silly addNameRange     '0.12.1',
30 silly addNameRange     '0.12.2',
30 silly addNameRange     '0.12.3',
30 silly addNameRange     '0.12.4',
30 silly addNameRange     '0.13.0',
30 silly addNameRange     '0.14.0',
30 silly addNameRange     '0.14.1',
30 silly addNameRange     '0.14.2',
30 silly addNameRange     '0.15.0',
30 silly addNameRange     '0.15.1',
30 silly addNameRange     '0.15.2',
30 silly addNameRange     '0.15.3',
30 silly addNameRange     '0.15.4',
30 silly addNameRange     '0.16.0',
30 silly addNameRange     '0.16.1',
30 silly addNameRange     '0.16.2',
30 silly addNameRange     '0.16.3',
30 silly addNameRange     '0.16.4',
30 silly addNameRange     '0.17.0',
30 silly addNameRange     '0.18.0',
30 silly addNameRange     '0.19.0',
30 silly addNameRange     '0.20.0',
30 silly addNameRange     '0.20.1',
30 silly addNameRange     '0.20.2',
30 silly addNameRange     '0.20.3',
30 silly addNameRange     '0.21.0',
30 silly addNameRange     '0.22.0',
30 silly addNameRange     '0.22.1',
30 silly addNameRange     '0.23.0',
30 silly addNameRange     '0.24.0',
30 silly addNameRange     '0.25.0',
30 silly addNameRange     '0.26.0',
30 silly addNameRange     '0.26.1',
30 silly addNameRange     '0.26.2',
30 silly addNameRange     '0.26.3',
30 silly addNameRange     '0.27.0',
30 silly addNameRange     '0.27.1',
30 silly addNameRange     '0.27.2',
30 silly addNameRange     '0.27.3',
30 silly addNameRange     '0.27.4',
30 silly addNameRange     '0.27.5',
30 silly addNameRange     '0.27.6',
30 silly addNameRange     '0.27.7',
30 silly addNameRange     '0.28.0',
30 silly addNameRange     '0.28.1',
30 silly addNameRange     '0.28.2',
30 silly addNameRange     '0.29.0',
30 silly addNameRange     '0.30.0',
30 silly addNameRange     '0.31.0',
30 silly addNameRange     '0.31.1',
30 silly addNameRange     '0.31.2',
30 silly addNameRange     '0.32.0',
30 silly addNameRange     '0.33.0',
30 silly addNameRange     '0.34.0',
30 silly addNameRange     '0.34.1',
30 silly addNameRange     '0.35.0',
30 silly addNameRange     '1.0.0',
30 silly addNameRange     '1.0.1',
30 silly addNameRange     '1.0.2',
30 silly addNameRange     '1.1.0',
30 silly addNameRange     '1.1.1',
30 silly addNameRange     '1.1.2',
30 silly addNameRange     '1.1.3',
30 silly addNameRange     '1.1.4',
30 silly addNameRange     '1.1.5',
30 silly addNameRange     '1.2.0',
30 silly addNameRange     '1.3.0',
30 silly addNameRange     '1.3.1',
30 silly addNameRange     '1.4.0',
30 silly addNameRange     '1.4.1',
30 silly addNameRange     '1.4.2',
30 silly addNameRange     '1.5.0',
30 silly addNameRange     '1.6.0',
30 silly addNameRange     '1.7.0',
30 silly addNameRange     '1.8.0',
30 silly addNameRange     '1.8.1',
30 silly addNameRange     '1.8.2',
30 silly addNameRange     '1.9.0',
30 silly addNameRange     '1.9.1',
30 silly addNameRange     '1.9.2',
30 silly addNameRange     '1.10.0',
30 silly addNameRange     '1.11.0' ] ]
31 verbose addNamed [ 'jade', '1.11.0' ]
32 verbose addNamed [ '1.11.0', '1.11.0' ]
33 silly lockFile 3da033ff-jade-1-11-0 jade@1.11.0
34 verbose lock jade@1.11.0 /home/von/.npm/3da033ff-jade-1-11-0.lock
35 silly lockFile 3da033ff-jade-1-11-0 jade@1.11.0
36 silly lockFile 3da033ff-jade-1-11-0 jade@1.11.0
37 silly lockFile 51d481b2-jade jade@
38 silly lockFile 51d481b2-jade jade@
39 silly resolved [ { name: 'jade',
39 silly resolved     description: 'A clean, whitespace-sensitive template language for writing HTML',
39 silly resolved     version: '1.11.0',
39 silly resolved     author: { name: 'TJ Holowaychuk', email: 'tj@vision-media.ca' },
39 silly resolved     maintainers: [ [Object], [Object], [Object], [Object] ],
39 silly resolved     license: 'MIT',
39 silly resolved     repository: { type: 'git', url: 'git://github.com/jadejs/jade.git' },
39 silly resolved     main: 'lib',
39 silly resolved     bin: { jade: './bin/jade.js' },
39 silly resolved     dependencies:
39 silly resolved      { 'character-parser': '1.2.1',
39 silly resolved        'clean-css': '^3.1.9',
39 silly resolved        commander: '~2.6.0',
39 silly resolved        constantinople: '~3.0.1',
39 silly resolved        jstransformer: '0.0.2',
39 silly resolved        mkdirp: '~0.5.0',
39 silly resolved        transformers: '2.1.0',
39 silly resolved        'uglify-js': '^2.4.19',
39 silly resolved        'void-elements': '~2.0.1',
39 silly resolved        with: '~4.0.0' },
39 silly resolved     devDependencies:
39 silly resolved      { browserify: '*',
39 silly resolved        'browserify-middleware': '~4.1.0',
39 silly resolved        'code-mirror': '~3.22.0',
39 silly resolved        'coffee-script': '*',
39 silly resolved        coveralls: '^2.11.2',
39 silly resolved        express: '~4.10.4',
39 silly resolved        'github-basic': '^4.1.2',
39 silly resolved        handle: '~1.0.0',
39 silly resolved        'highlight-codemirror': '~4.1.0',
39 silly resolved        inconsolata: '0.0.2',
39 silly resolved        istanbul: '*',
39 silly resolved        'jade-code-mirror': '~1.0.5',
39 silly resolved        'jade-highlighter': '~1.0.5',
39 silly resolved        'jstransformer-cdata': '0.0.3',
39 silly resolved        'jstransformer-coffee-script': '0.0.2',
39 silly resolved        'jstransformer-less': '^1.0.0',
39 silly resolved        'jstransformer-marked': '0.0.1',
39 silly resolved        'jstransformer-stylus': '0.0.1',
39 silly resolved        'jstransformer-verbatim': '0.0.2',
39 silly resolved        less: '<2.0.0',
39 silly resolved        'less-file': '0.0.9',
39 silly resolved        linify: '*',
39 silly resolved        lsr: '^1.0.0',
39 silly resolved        marked: '~0.3.3',
39 silly resolved        mocha: '*',
39 silly resolved        opener: '^1.3.0',
39 silly resolved        'pull-request': '^3.0.0',
39 silly resolved        rimraf: '^2.2.8',
39 silly resolved        should: '*',
39 silly resolved        stop: '^3.0.0-rc1',
39 silly resolved        stylus: '*',
39 silly resolved        twbs: '0.0.6',
39 silly resolved        'uglify-js': '*' },
39 silly resolved     component: { scripts: [Object] },
39 silly resolved     scripts:
39 silly resolved      { test: 'mocha -R spec',
39 silly resolved        precoverage: 'rimraf coverage && rimraf cov-pt*',
39 silly resolved        coverage: 'istanbul cover --report none --dir cov-pt0 node_modules/mocha/bin/_mocha -- -R dot',
39 silly resolved        postcoverage: 'istanbul report --include cov-pt\\*/coverage.json && rimraf cov-pt*',
39 silly resolved        coveralls: 'npm run coverage && cat ./coverage/lcov.info | coveralls',
39 silly resolved        prepublish: 'npm prune && linify transform bin && npm run build',
39 silly resolved        build: 'npm run compile',
39 silly resolved        compile: 'npm run compile-full && npm run compile-runtime',
39 silly resolved        'compile-full': 'browserify ./lib/index.js --standalone jade -x ./node_modules/transformers > jade.js',
39 silly resolved        'compile-runtime': 'browserify ./lib/runtime.js --standalone jade > runtime.js' },
39 silly resolved     browser: { fs: false, './lib/filters.js': './lib/filters-client.js' },
39 silly resolved     homepage: 'http://jade-lang.com',
39 silly resolved     gitHead: '31966399f86b15159f2ff47dff99fbf4c92fadd5',
39 silly resolved     bugs: { url: 'https://github.com/jadejs/jade/issues' },
39 silly resolved     _id: 'jade@1.11.0',
39 silly resolved     _shasum: '9c80e538c12d3fb95c8d9bb9559fa0cc040405fd',
39 silly resolved     _from: 'jade@',
39 silly resolved     _npmVersion: '2.11.0',
39 silly resolved     _nodeVersion: '2.2.1',
39 silly resolved     _npmUser: { name: 'alubbe', email: 'npm@lubbe.org' },
39 silly resolved     dist:
39 silly resolved      { shasum: '9c80e538c12d3fb95c8d9bb9559fa0cc040405fd',
39 silly resolved        tarball: 'http://registry.npmjs.org/jade/-/jade-1.11.0.tgz' },
39 silly resolved     directories: {},
39 silly resolved     _resolved: 'https://registry.npmjs.org/jade/-/jade-1.11.0.tgz',
39 silly resolved     readme: 'ERROR: No README data found!' } ]
40 info install jade@1.11.0 into /usr/local/lib
41 info installOne jade@1.11.0
42 verbose lib/node_modules/jade unbuild
43 verbose tar unpack /home/von/.npm/jade/1.11.0/package.tgz
44 silly lockFile 537c17f0--usr-local-lib-node-modules-jade tar:///usr/local/lib/node_modules/jade
45 verbose lock tar:///usr/local/lib/node_modules/jade /home/von/.npm/537c17f0--usr-local-lib-node-modules-jade.lock
46 silly lockFile 47cc81c6--von-npm-jade-1-11-0-package-tgz tar:///home/von/.npm/jade/1.11.0/package.tgz
47 verbose lock tar:///home/von/.npm/jade/1.11.0/package.tgz /home/von/.npm/47cc81c6--von-npm-jade-1-11-0-package-tgz.lock
48 silly gunzTarPerm modes [ '775', '664' ]
49 error Error: EACCES, mkdir '/usr/local/lib/node_modules'
49 error  { [Error: EACCES, mkdir '/usr/local/lib/node_modules']
49 error   errno: 3,
49 error   code: 'EACCES',
49 error   path: '/usr/local/lib/node_modules',
49 error   fstream_type: 'Directory',
49 error   fstream_path: '/usr/local/lib/node_modules/jade',
49 error   fstream_class: 'DirWriter',
49 error   fstream_stack:
49 error    [ '/usr/lib/nodejs/fstream/lib/writer.js:171:23',
49 error      '/usr/lib/nodejs/mkdirp/index.js:46:53',
49 error      'Object.oncomplete (fs.js:107:15)' ] }
50 error Please try running this command again as root/Administrator.
51 error System Linux 3.19.0-25-generic
52 error command "/usr/bin/nodejs" "/usr/bin/npm" "install" "jade" "-g"
53 error cwd /var/www/safety
54 error node -v v0.10.25
55 error npm -v 1.4.21
56 error path /usr/local/lib/node_modules
57 error fstream_path /usr/local/lib/node_modules/jade
58 error fstream_type Directory
59 error fstream_class DirWriter
60 error code EACCES
61 error errno 3
62 error stack Error: EACCES, mkdir '/usr/local/lib/node_modules'
63 error fstream_stack /usr/lib/nodejs/fstream/lib/writer.js:171:23
63 error fstream_stack /usr/lib/nodejs/mkdirp/index.js:46:53
63 error fstream_stack Object.oncomplete (fs.js:107:15)
64 verbose exit [ 3, true ]
